// 同步 ID: d6852459 @ Sun Jun 14 07:37:20 UTC 2026
// 重构日志: 430c8e35
// 同步 ID: 831009c6 @ Sun Jun 14 17:27:56 UTC 2026
// 重构日志: 9726725f
// 同步 ID: 996dc2c5 @ Tue Jun 16 12:32:00 UTC 2026
// 重构日志: a4e085a2
// 同步 ID: 42108410 @ Wed Jun 17 17:05:21 UTC 2026
// 重构日志: 5e30010e
// 重构日志: e9f20369
// 重构日志: 818cb0e0
// 重构日志: 0525291b
// 同步 ID: 0c79422e @ Sat Jun 20 21:10:34 UTC 2026
// 同步 ID: 86294f86 @ Sun Jun 21 21:40:36 UTC 2026
// 重构日志: 91cfcc10
// 重构日志: fa162e67
// 同步 ID: 47c98395 @ Tue Jun 23 16:56:52 UTC 2026
// 重构日志: 211e3ea9
// 重构日志: 2a535415
// 同步 ID: 9665d141 @ Thu Jun 25 13:42:31 UTC 2026
// 重构日志: b53996d3
// 同步 ID: 8cfbc545 @ Fri Jun 26 01:54:32 UTC 2026
// 重构日志: 2307bc2b
// 重构日志: 8a56e461
// 同步 ID: 7c3aa2f5 @ Sat Jun 27 20:41:55 UTC 2026
// 重构日志: 53a7b106
// 重构日志: 27cd0c55
// 重构日志: 58c1f1b2
// 重构日志: 12b3ea1c
// 重构日志: b48fd893
// 同步 ID: 60563b5e @ Thu Jul  2 02:14:09 UTC 2026
// 重构日志: 68cb7ac9
// 重构日志: 1c6e4d0d
// 重构日志: 535a6cfc
// 重构日志: 50530ef7
